<?xml version="1.0" encoding="UTF-8"?>
<!-- Generated by org.testng.reporters.JUnitReportReporter -->
<testsuite hostname="DESKTOP-PPHUKG7" failures="0" tests="2" name="SwaglabTestCase.loginProcces" time="1.479" errors="0" timestamp="2024-03-26T03:44:26 EET" skipped="0">
  <testcase classname="SwaglabTestCase.loginProcces" name="LoginProccess" time="1.476"/>
  <system-out/>
  <testcase classname="SwaglabTestCase.loginProcces" name="addProductToCart" time="0.003"/>
  <system-out/>
</testsuite> <!-- SwaglabTestCase.loginProcces -->
